<?xml version="1.0" encoding="UTF-8" standalone="yes"?><!DOCTYPE report PUBLIC "-//JACOCO//DTD Report 1.1//EN" "report.dtd"><report name="calculator"><sessioninfo id="NB-BD64NV2-6685ffc7" start="1567017589642" dump="1567017593308"/><sessioninfo id="NB-BD64NV2-a139b6e9" start="1567017766018" dump="1567017769586"/><sessioninfo id="NB-BD64NV2-a8b8fba0" start="1567017906754" dump="1567017910443"/><sessioninfo id="NB-BD64NV2-87fc1e1f" start="1567018669317" dump="1567018672898"/><sessioninfo id="NB-BD64NV2-84bb15e5" start="1567018736893" dump="1567018740610"/><sessioninfo id="NB-BD64NV2-4cdd9970" start="1567018759346" dump="1567018762986"/><sessioninfo id="NB-BD64NV2-217a3e3d" start="1567019292007" dump="1567019296173"/><sessioninfo id="NB-BD64NV2-b056b8b5" start="1567019464193" dump="1567019467927"/><sessioninfo id="NB-BD64NV2-3b804a96" start="1567087490273" dump="1567087494534"/><sessioninfo id="NB-BD64NV2-f235bf07" start="1567114588844" dump="1567114592702"/><sessioninfo id="NB-BD64NV2-ea9faf77" start="1567177068511" dump="1567177073025"/><sessioninfo id="NB-BD64NV2-94f2c237" start="1567177935255" dump="1567177939228"/><sessioninfo id="NB-BD64NV2-39fb9de5" start="1567178696561" dump="1567178700702"/><sessioninfo id="NB-BD64NV2-659a9786" start="1567178743151" dump="1567178748300"/><sessioninfo id="NB-BD64NV2-933b2cb9" start="1567178871225" dump="1567178876232"/><sessioninfo id="NB-BD64NV2-b94ae0d3" start="1567178895165" dump="1567178899487"/><sessioninfo id="NB-BD64NV2-4d77b39f" start="1567178954352" dump="1567178958418"/><sessioninfo id="NB-BD64NV2-a6217625" start="1567180662318" dump="1567180662763"/><sessioninfo id="NB-BD64NV2-1deb77cd" start="1567180692072" dump="1567180692512"/><sessioninfo id="NB-BD64NV2-de5f6c76" start="1567180694767" dump="1567180696298"/><sessioninfo id="NB-BD64NV2-3612dacd" start="1567180817717" dump="1567180818168"/><sessioninfo id="NB-BD64NV2-57716eee" start="1567180824711" dump="1567180825141"/><sessioninfo id="NB-BD64NV2-f0ec92bd" start="1567180826449" dump="1567180827951"/><sessioninfo id="NB-BD64NV2-a14e7fb1" start="1567180862456" dump="1567180862889"/><sessioninfo id="NB-BD64NV2-250ebdd4" start="1567180864181" dump="1567180865708"/><sessioninfo id="NB-BD64NV2-185de66" start="1567181177419" dump="1567181177857"/><sessioninfo id="NB-BD64NV2-25c0bd8e" start="1567181179159" dump="1567181180724"/><sessioninfo id="NB-BD64NV2-df0d5a5" start="1567181364059" dump="1567181364511"/><sessioninfo id="NB-BD64NV2-a25b67c6" start="1567181365790" dump="1567181367375"/><sessioninfo id="NB-BD64NV2-e040c6af" start="1567181389326" dump="1567181389757"/><sessioninfo id="NB-BD64NV2-5a30b9b6" start="1567181486728" dump="1567181487175"/><sessioninfo id="NB-BD64NV2-4a60fb20" start="1567181488496" dump="1567181490215"/><sessioninfo id="NB-BD64NV2-39f811fd" start="1567181567269" dump="1567181567699"/><sessioninfo id="NB-BD64NV2-60bf4bb1" start="1567181569053" dump="1567181570628"/><sessioninfo id="NB-BD64NV2-69ef0bb" start="1567181677549" dump="1567181677988"/><sessioninfo id="NB-BD64NV2-444b2ef8" start="1567181919690" dump="1567181920144"/><sessioninfo id="NB-BD64NV2-f9a12cd7" start="1567181921451" dump="1567181944056"/><sessioninfo id="NB-BD64NV2-2f044375" start="1567181963830" dump="1567181964275"/><sessioninfo id="NB-BD64NV2-2efbda7e" start="1567181965609" dump="1567181967192"/><sessioninfo id="NB-BD64NV2-b7c2a247" start="1567181991803" dump="1567181992243"/><sessioninfo id="NB-BD64NV2-174509b8" start="1567181993527" dump="1567181995056"/><sessioninfo id="NB-BD64NV2-101d88c6" start="1567182273927" dump="1567182274371"/><sessioninfo id="NB-BD64NV2-61ffc3ba" start="1567182275719" dump="1567182277291"/><sessioninfo id="NB-BD64NV2-7fbeead9" start="1567182302501" dump="1567182302946"/><sessioninfo id="NB-BD64NV2-6dc24379" start="1567182331612" dump="1567182332056"/><sessioninfo id="NB-BD64NV2-9718a36c" start="1567182447800" dump="1567182448260"/><sessioninfo id="NB-BD64NV2-1fd6e713" start="1567182448859" dump="1567182450366"/><sessioninfo id="NB-BD64NV2-546606fe" start="1567182494828" dump="1567182495317"/><sessioninfo id="NB-BD64NV2-90c1fc07" start="1567183285572" dump="1567183286123"/><sessioninfo id="NB-BD64NV2-e6e681a0" start="1567183286750" dump="1567183288685"/><sessioninfo id="NB-BD64NV2-10bcdad0" start="1567183306121" dump="1567183306784"/><sessioninfo id="NB-BD64NV2-c0bf89bb" start="1567183349197" dump="1567183349768"/><sessioninfo id="NB-BD64NV2-6ed3ec80" start="1567183554878" dump="1567183555382"/><sessioninfo id="NB-BD64NV2-f8048e26" start="1567183555949" dump="1567183557477"/><sessioninfo id="NB-BD64NV2-c5a88e70" start="1567183870137" dump="1567183870590"/><sessioninfo id="NB-BD64NV2-d37dbde2" start="1567183901528" dump="1567183903200"/><sessioninfo id="NB-BD64NV2-5610c9ff" start="1567183945479" dump="1567183945959"/><sessioninfo id="NB-BD64NV2-4895bf65" start="1567183998886" dump="1567183999374"/><sessioninfo id="NB-BD64NV2-2ffa1332" start="1567184009568" dump="1567184010059"/><sessioninfo id="NB-BD64NV2-58993068" start="1567184010659" dump="1567184011102"/><sessioninfo id="NB-BD64NV2-963905ac" start="1567184052590" dump="1567184053040"/><sessioninfo id="NB-BD64NV2-f4cf094c" start="1567184053619" dump="1567184055093"/><package name="com/example/calculator"><class name="com/example/calculator/CalculatorController" sourcefilename="CalculatorController.java"><method name="&lt;init&gt;" desc="()V" line="9"><counter type="INSTRUCTION" missed="0" covered="3"/><counter type="LINE" missed="0" covered="1"/><counter type="COMPLEXITY" missed="0" covered="1"/><counter type="METHOD" missed="0" covered="1"/></method><method name="sum" desc="(Ljava/lang/Integer;Ljava/lang/Integer;)Ljava/lang/String;" line="19"><counter type="INSTRUCTION" missed="9" covered="0"/><counter type="LINE" missed="1" covered="0"/><counter type="COMPLEXITY" missed="1" covered="0"/><counter type="METHOD" missed="1" covered="0"/></method><counter type="INSTRUCTION" missed="9" covered="3"/><counter type="LINE" missed="1" covered="1"/><counter type="COMPLEXITY" missed="1" covered="1"/><counter type="METHOD" missed="1" covered="1"/><counter type="CLASS" missed="0" covered="1"/></class><class name="com/example/calculator/Calculator" sourcefilename="Calculator.java"><method name="&lt;init&gt;" desc="()V" line="6"><counter type="INSTRUCTION" missed="0" covered="3"/><counter type="LINE" missed="0" covered="1"/><counter type="COMPLEXITY" missed="0" covered="1"/><counter type="METHOD" missed="0" covered="1"/></method><method name="sum" desc="(II)I" line="9"><counter type="INSTRUCTION" missed="0" covered="4"/><counter type="LINE" missed="0" covered="1"/><counter type="COMPLEXITY" missed="0" covered="1"/><counter type="METHOD" missed="0" covered="1"/></method><counter type="INSTRUCTION" missed="0" covered="7"/><counter type="LINE" missed="0" covered="2"/><counter type="COMPLEXITY" missed="0" covered="2"/><counter type="METHOD" missed="0" covered="2"/><counter type="CLASS" missed="0" covered="1"/></class><class name="com/example/calculator/CalculatorApplication" sourcefilename="CalculatorApplication.java"><method name="&lt;init&gt;" desc="()V" line="7"><counter type="INSTRUCTION" missed="0" covered="3"/><counter type="LINE" missed="0" covered="1"/><counter type="COMPLEXITY" missed="0" covered="1"/><counter type="METHOD" missed="0" covered="1"/></method><method name="main" desc="([Ljava/lang/String;)V" line="10"><counter type="INSTRUCTION" missed="5" covered="0"/><counter type="LINE" missed="2" covered="0"/><counter type="COMPLEXITY" missed="1" covered="0"/><counter type="METHOD" missed="1" covered="0"/></method><counter type="INSTRUCTION" missed="5" covered="3"/><counter type="LINE" missed="2" covered="1"/><counter type="COMPLEXITY" missed="1" covered="1"/><counter type="METHOD" missed="1" covered="1"/><counter type="CLASS" missed="0" covered="1"/></class><sourcefile name="CalculatorApplication.java"><line nr="7" mi="0" ci="3" mb="0" cb="0"/><line nr="10" mi="4" ci="0" mb="0" cb="0"/><line nr="11" mi="1" ci="0" mb="0" cb="0"/><counter type="INSTRUCTION" missed="5" covered="3"/><counter type="LINE" missed="2" covered="1"/><counter type="COMPLEXITY" missed="1" covered="1"/><counter type="METHOD" missed="1" covered="1"/><counter type="CLASS" missed="0" covered="1"/></sourcefile><sourcefile name="CalculatorController.java"><line nr="9" mi="0" ci="3" mb="0" cb="0"/><line nr="19" mi="9" ci="0" mb="0" cb="0"/><counter type="INSTRUCTION" missed="9" covered="3"/><counter type="LINE" missed="1" covered="1"/><counter type="COMPLEXITY" missed="1" covered="1"/><counter type="METHOD" missed="1" covered="1"/><counter type="CLASS" missed="0" covered="1"/></sourcefile><sourcefile name="Calculator.java"><line nr="6" mi="0" ci="3" mb="0" cb="0"/><line nr="9" mi="0" ci="4" mb="0" cb="0"/><counter type="INSTRUCTION" missed="0" covered="7"/><counter type="LINE" missed="0" covered="2"/><counter type="COMPLEXITY" missed="0" covered="2"/><counter type="METHOD" missed="0" covered="2"/><counter type="CLASS" missed="0" covered="1"/></sourcefile><counter type="INSTRUCTION" missed="14" covered="13"/><counter type="LINE" missed="3" covered="4"/><counter type="COMPLEXITY" missed="2" covered="4"/><counter type="METHOD" missed="2" covered="4"/><counter type="CLASS" missed="0" covered="3"/></package><counter type="INSTRUCTION" missed="14" covered="13"/><counter type="LINE" missed="3" covered="4"/><counter type="COMPLEXITY" missed="2" covered="4"/><counter type="METHOD" missed="2" covered="4"/><counter type="CLASS" missed="0" covered="3"/></report>